[Pass 1 time: 0.017 sec     tokenize]
[Pass 2 time: 0.003 sec     KBFuncs]
[Pass 3 time: 0.003 sec     KBInit]
[Pass 4 time: 0.004 sec     funcs]
[Pass 5 time: 0.003 sec     dicionario]
[Pass 6 time: 0.017 sec     pos]
[Pass 7 time: 0.142 sec     repeticao]
[Pass 8 time: 0.019 sec     frases]
[Pass 9 time: 0.029 sec     palavrao]
[Pass 10 time: 0.031 sec     emojis]
[Pass 11 time: 0.021 sec     RemoveWhiteSpace]
[Pass 12 time: 0.023 sec     frase_subst]
[Pass 13 time: 0.015 sec     frase_verbo]
[Pass 14 time: 0.004 sec     raiva]
[Pass 15 time: 0.015 sec     emocao]
[Pass 16 time: 0.004 sec     KBMostra]
[Pass 17 time: 0.003 sec     output]
[Input file: c:\Users\pepel\GitHub\EmotionsDetection\emotion\input\06.09\06.09_2130_44.txt_log\ana009.tree]
[Total passes: 17
[Total time: 0.354 sec]
[Time per 1000 chars (0.354/1589): 0.222782 sec]
[Time per pass per 1000 chars: 0.0131048]
infile  passes tottime length tot/1000 tot/pass/1000
c:\Users\pepel\GitHub\EmotionsDetection\emotion\input\06.09\06.09_2130_44.txt_log\ana009.tree	17	0.354	1589	0.222782	0.0131048
[Clean time: 0.002 sec]
