[Pass 1 time: 0.002 sec     tokenize]
[Pass 2 time: 0.001 sec     KBFuncs]
[Pass 3 time: 0.001 sec     KBInit]
[Pass 4 time: 0.002 sec     funcs]
[Pass 5 time: 0.001 sec     dicionario]
[Pass 6 time: 0.002 sec     pos]
[Pass 7 time: 0.005 sec     repeticao]
[Pass 8 time: 0.003 sec     frases]
[Pass 9 time: 0.002 sec     palavrao]
[Pass 10 time: 0.002 sec     emojis]
[Pass 11 time: 0.002 sec     RemoveWhiteSpace]
[Pass 12 time: 0.004 sec     frase_subst]
[Pass 13 time: 0.002 sec     frase_verbo]
[Pass 14 time: 0.001 sec     raiva]
[Pass 15 time: 0.002 sec     emocao]
[Pass 16 time: 0.003 sec     KBMostra]
[Pass 17 time: 0.001 sec     output]
[Input file: c:\Users\pepel\GitHub\EmotionsDetection\emotion\input\06.09\06.09_2130_23.txt_log\ana014.tree]
[Total passes: 17
[Total time: 0.036 sec]
[Time per 1000 chars (0.036/53): 0.679245 sec]
[Time per pass per 1000 chars: 0.0399556]
infile  passes tottime length tot/1000 tot/pass/1000
c:\Users\pepel\GitHub\EmotionsDetection\emotion\input\06.09\06.09_2130_23.txt_log\ana014.tree	17	0.036	53	0.679245	0.0399556
[Clean time: 0.001 sec]
