[Pass 1 time: 0.002 sec     dicttok]
[Pass 2 time: 0.001 sec     KBFuncs]
[Pass 3 time: 0.001 sec     funcs]
[Pass 4 time: 0.001 sec     dicionario]
[Pass 5 time: 0.002 sec     longo]
[Pass 6 time: 0.002 sec     frases]
[Pass 7 time: 0.002 sec     pos]
[Pass 8 time: 0.002 sec     RemoveWhiteSpace]
[Pass 9 time: 0.002 sec     frase_subst]
[Pass 10 time: 0.002 sec     frase_verbal]
[Pass 11 time: 0.001 sec     time]
[Pass 12 time: 0.001 sec     alegria]
[Pass 13 time: 0.001 sec     amor]
[Pass 14 time: 0.002 sec     raiva]
[Input file: c:\Users\pepel\GitHub\EmotionsDetection\emotion\input\text.txt]
[Total passes: 14
[Total time: 0.022 sec]
[Time per 1000 chars (0.022/56): 0.392857 sec]
[Time per pass per 1000 chars: 0.0280612]
infile  passes tottime length tot/1000 tot/pass/1000
c:\Users\pepel\GitHub\EmotionsDetection\emotion\input\text.txt	14	0.022	56	0.392857	0.0280612
[Clean time: 0.001 sec]
