[Pass 1 time: 0.008 sec     tokenize]
[Pass 2 time: 0.002 sec     KBFuncs]
[Pass 3 time: 0.002 sec     KBInit]
[Pass 4 time: 0.001 sec     funcs]
[Pass 5 time: 0.002 sec     dicionario]
[Pass 6 time: 0.008 sec     pos]
[Pass 7 time: 0.072 sec     repeticao]
[Pass 8 time: 0.008 sec     frases]
[Pass 9 time: 0.01 sec     palavrao]
[Pass 10 time: 0.008 sec     emojis]
[Pass 11 time: 0.008 sec     RemoveWhiteSpace]
[Pass 12 time: 0.007 sec     frase_subst]
[Pass 13 time: 0.007 sec     frase_verbo]
[Pass 14 time: 0.001 sec     raiva]
[Pass 15 time: 0.007 sec     emocao]
[Pass 16 time: 0.003 sec     KBMostra]
[Pass 17 time: 0.001 sec     output]
[Input file: c:\Users\pepel\GitHub\EmotionsDetection\emotion\input\06.09\06.09_2130_12.txt_log\ana010.tree]
[Total passes: 17
[Total time: 0.155 sec]
[Time per 1000 chars (0.155/669): 0.231689 sec]
[Time per pass per 1000 chars: 0.0136288]
infile  passes tottime length tot/1000 tot/pass/1000
c:\Users\pepel\GitHub\EmotionsDetection\emotion\input\06.09\06.09_2130_12.txt_log\ana010.tree	17	0.155	669	0.231689	0.0136288
[Clean time: 0.002 sec]
