[Pass 1 time: 0.013 sec     tokenize]
[Pass 2 time: 0.004 sec     KBFuncs]
[Pass 3 time: 0.004 sec     KBInit]
[Pass 4 time: 0.002 sec     funcs]
[Pass 5 time: 0.004 sec     dicionario]
[Pass 6 time: 0.012 sec     pos]
[Pass 7 time: 0.092 sec     repeticao]
[Pass 8 time: 0.012 sec     frases]
[Pass 9 time: 0.015 sec     palavrao]
[Pass 10 time: 0.013 sec     emojis]
[Pass 11 time: 0.012 sec     RemoveWhiteSpace]
[Pass 12 time: 0.01 sec     frase_subst]
[Pass 13 time: 0.011 sec     frase_verbo]
[Pass 14 time: 0.003 sec     raiva]
[Pass 15 time: 0.01 sec     emocao]
[Pass 16 time: 0.005 sec     KBMostra]
[Pass 17 time: 0.003 sec     output]
[Input file: c:\Users\pepel\GitHub\EmotionsDetection\emotion\input\06.09\06.09_2130_64.txt_log\final.tree]
[Total passes: 17
[Total time: 0.227 sec]
[Time per 1000 chars (0.227/898): 0.252784 sec]
[Time per pass per 1000 chars: 0.0148696]
infile  passes tottime length tot/1000 tot/pass/1000
c:\Users\pepel\GitHub\EmotionsDetection\emotion\input\06.09\06.09_2130_64.txt_log\final.tree	17	0.227	898	0.252784	0.0148696
[Clean time: 0.002 sec]
