[command arg: -ANA]
[command arg: c:\Users\pepel\GitHub\EmotionsDetection\emotion\]
[command arg: -WORK]
[command arg: c:\Users\pepel\.vscode\extensions\dehilster.nlp-2.11.1\nlp-engine]
[command arg: c:\Users\pepel\GitHub\EmotionsDetection\emotion\input\06.09\00.txt]
[command arg: -DEV]
[logfile: c:\Users\pepel\.vscode\extensions\dehilster.nlp-2.11.1\nlp-engine\vtrun_logfile.out]
[rfbdir: c:\Users\pepel\.vscode\extensions\dehilster.nlp-2.11.1\nlp-engine\data\rfb\spec]
[analyzer directory: c:\Users\pepel\GitHub\EmotionsDetection\emotion\]
[analyzer name: ]
[rfb file: c:\Users\pepel\.vscode\extensions\dehilster.nlp-2.11.1\nlp-engine\data\rfb\spec]
[Creating output directory: .\tmp]
[log file: .\tmp\visualtext.log]
[spec directory: c:\Users\pepel\GitHub\EmotionsDetection\emotion\\spec]
[spec file: c:\Users\pepel\GitHub\EmotionsDetection\emotion\\spec\analyzer.seq]
[output directory: c:\Users\pepel\GitHub\EmotionsDetection\emotion\\output]
[infile path: c:\Users\pepel\GitHub\EmotionsDetection\emotion\input\06.09\00.txt]
[outfile path: c:\Users\pepel\GitHub\EmotionsDetection\emotion\\outfile.txt]
[outdir path: c:\Users\pepel\GitHub\EmotionsDetection\emotion\input\06.09\00.txt_log]
[AFTER VTRUN DELETE: ]
Active Algo count=1
