[Pass 1 time: 0.003 sec     tokenize]
[Pass 2 time: 0.003 sec     KBFuncs]
[Pass 3 time: 0.004 sec     KBInit]
[Pass 4 time: 0.004 sec     funcs]
[Pass 5 time: 0.005 sec     dicionario]
[Pass 6 time: 0.003 sec     pos]
[Pass 7 time: 0.07 sec     repeticao]
[Pass 8 time: 0.005 sec     frases]
[Pass 9 time: 0.004 sec     palavrao]
[Pass 10 time: 0.004 sec     emojis]
[Pass 11 time: 0.004 sec     RemoveWhiteSpace]
[Pass 12 time: 0.004 sec     frase_subst]
[Pass 13 time: 0.004 sec     frase_verbo]
[Pass 14 time: 0.007 sec     raiva]
[Pass 15 time: 0.003 sec     emocao]
[Pass 16 time: 0.005 sec     KBMostra]
[Pass 17 time: 0.003 sec     output]
[Input file: c:\Users\pepel\GitHub\EmotionsDetection\emotion\input\06.09\06.09_2245_23.txt]
[Total passes: 17
[Total time: 0.136 sec]
[Time per 1000 chars (0.136/145): 0.937931 sec]
[Time per pass per 1000 chars: 0.0551724]
infile  passes tottime length tot/1000 tot/pass/1000
c:\Users\pepel\GitHub\EmotionsDetection\emotion\input\06.09\06.09_2245_23.txt	17	0.136	145	0.937931	0.0551724
[Clean time: 0.002 sec]
