[Pass 1 time: 0.083 sec     dicttok]
[Pass 2 time: 0.001 sec     KBFuncs]
[Pass 3 time: 0.002 sec     funcs]
[Pass 4 time: 0.001 sec     dicionario]
[Pass 5 time: 0.082 sec     frases]
[Pass 6 time: 0.084 sec     pos]
[Pass 7 time: 0.248 sec     repeticao]
[Pass 8 time: 0.082 sec     emojis]
[Pass 9 time: 0.084 sec     palavrao]
[Pass 10 time: 0.051 sec     RemoveWhiteSpace]
[Pass 11 time: 0.044 sec     frase_subst]
[Pass 12 time: 0.043 sec     frase_verbo]
[Pass 13 time: 0.002 sec     time]
[Pass 14 time: 0.002 sec     alegria]
[Pass 15 time: 0.002 sec     amor]
[Pass 16 time: 0.001 sec     raiva]
[Input file: c:\Users\pepel\GitHub\EmotionsDetection\emotion\input\tweets.txt]
[Total passes: 16
[Total time: 0.812 sec]
[Time per 1000 chars (0.812/10430): 0.0778523 sec]
[Time per pass per 1000 chars: 0.00486577]
infile  passes tottime length tot/1000 tot/pass/1000
c:\Users\pepel\GitHub\EmotionsDetection\emotion\input\tweets.txt	16	0.812	10430	0.0778523	0.00486577
[Clean time: 0.001 sec]
