[Pass 1 time: 0.012 sec     dicttokz]
[Pass 2 time: 0.001 sec     doc]
[Pass 3 time: 0.003 sec     funs]
[Pass 4 time: 0.002 sec     KBFuncs]
[Pass 5 time: 0.002 sec     posfuns]
[Pass 6 time: 0.002 sec     semfuns]
[Pass 7 time: 0.001 sec     qsemfuns]
[Pass 8 time: 0.003 sec     domfuns]
[Pass 9 time: 0.001 sec     xmlfns]
[Pass 10 time: 0.002 sec     ini]
[Pass 11 time: 0.019 sec     kbload]
[Pass 12 time: 0.001 sec     kb_geo]
[Pass 13 time: 0.001 sec     kb_onto]
[Pass 14 time: 0.011 sec     tag50]
[Pass 15 time: 0.012 sec     tag100]
[Pass 16 time: 0.013 sec     tags100]
[Pass 17 time: 0.013 sec     zap100]
[Pass 18 time: 0.012 sec     LINES_nosp]
[Pass 19 time: 0.003 sec     pre_100]
[Pass 20 time: 0.001 sec     pre_200]
[Pass 21 time: 0.002 sec     pre_300]
[Pass 22 time: 0.001 sec     pre_400]
[Pass 23 time: 0.002 sec     pre_500]
[Pass 24 time: 0.001 sec     pre_600]
[Pass 25 time: 0.001 sec     pre_zap]
[Pass 26 time: 0.002 sec     pre_zap1]
[Pass 27 time: 0.001 sec     pre_zap2]
[Pass 28 time: 0.001 sec     pre_badeos]
[Pass 29 time: 0.001 sec     pre_form]
[Pass 30 time: 0.002 sec     CYCLE_0]
[Pass 31 time: 0.011 sec     qline100]
[Pass 32 time: 0.001 sec     textzone50]
[Pass 33 time: 0.012 sec     textzone100]
[Pass 34 time: 0.012 sec     zaplines]
[Pass 35 time: 0.001 sec     CYCLE_1]
[Pass 36 time: 0.013 sec     tok10]
[Pass 37 time: 0.013 sec     tok25]
[Pass 38 time: 0.012 sec     tok50]
[Pass 39 time: 0.001 sec     quotes100]
[Pass 40 time: 0.014 sec     tok100]
[Pass 41 time: 0.02 sec     punct100]
[Pass 42 time: 0.014 sec     punct200]
[Pass 43 time: 0.015 sec     dom100]
[Pass 44 time: 0.013 sec     fnretok]
[Pass 45 time: 0.013 sec     date]
[Pass 46 time: 0.013 sec     feat]
[Pass 47 time: 0.012 sec     feat100]
[Pass 48 time: 0.014 sec     city]
[Pass 49 time: 0.013 sec     country]
[Pass 50 time: 0.013 sec     location100]
[Pass 51 time: 0.022 sec     fnword]
[Pass 52 time: 0.02 sec     num]
[Pass 53 time: 0.019 sec     common]
[Pass 54 time: 0.019 sec     dictfix]
[Pass 55 time: 0.059 sec     lookup_word]
[Pass 56 time: 0.032 sec     lex_unambig]
[Pass 57 time: 0.027 sec     tok150]
[Pass 58 time: 0.026 sec     dom150]
[Pass 59 time: 0.027 sec     tok175]
[Pass 60 time: 0.027 sec     entity100]
[Pass 61 time: 0.027 sec     tok200]
[Pass 62 time: 0.028 sec     lex_unambig2]
[Pass 63 time: 0.028 sec     hilite_alpha]
[Pass 64 time: 0.028 sec     dom175]
[Pass 65 time: 0.036 sec     caps50]
[Pass 66 time: 0.03 sec     incap100]
[Pass 67 time: 0.034 sec     dom200]
[Pass 68 time: 0.002 sec     sent50]
[Pass 69 time: 0.03 sec     sent100]
[Pass 70 time: 0.001 sec     sent125]
[Pass 71 time: 0.032 sec     pos10]
[Pass 72 time: 0.031 sec     inc100]
[Pass 73 time: 0.001 sec     inc300]
[Pass 74 time: 0.047 sec     pos25]
[Pass 75 time: 0.155 sec     pos50]
[Pass 76 time: 0.046 sec     study100]
[Pass 77 time: 0.041 sec     pos75]
[Pass 78 time: 0.041 sec     mhbv100]
[Pass 79 time: 0.042 sec     dqan100]
[Pass 80 time: 0.04 sec     phr50]
[Pass 81 time: 0.041 sec     pos100]
[Pass 82 time: 0.041 sec     caps100]
[Pass 83 time: 0.041 sec     pos200]
[Pass 84 time: 0.048 sec     dqan200]
[Pass 85 time: 0.042 sec     pos300]
[Pass 86 time: 0.043 sec     seg100]
[Pass 87 time: 0.043 sec     qseg100]
[Pass 88 time: 0.042 sec     sent200]
[Pass 89 time: 0.045 sec     qconj100]
[Pass 90 time: 0.045 sec     qseg125]
[Pass 91 time: 0.046 sec     qconj200]
[Pass 92 time: 0.046 sec     qsent50]
[Pass 93 time: 0.044 sec     pos400]
[Pass 94 time: 0.044 sec     qclause50]
[Pass 95 time: 0.043 sec     clause100]
[Pass 96 time: 0.043 sec     clause200]
[Pass 97 time: 0.044 sec     clause300]
[Pass 98 time: 0.044 sec     qseg150]
[Pass 99 time: 0.044 sec     sent250]
[Pass 100 time: 0.05 sec     clause400]
[Pass 101 time: 0.051 sec     sent300]
[Pass 102 time: 0.045 sec     qsent75]
[Pass 103 time: 0.05 sec     phr100]
[Pass 104 time: 0.047 sec     qseg200]
[Pass 105 time: 0.048 sec     qclause200]
[Pass 106 time: 0.046 sec     qclause75]
[Pass 107 time: 0.05 sec     qclause100]
[Pass 108 time: 0.048 sec     sent400]
[Pass 109 time: 0.049 sec     qsent100]
[Pass 110 time: 0.049 sec     sent_pos]
[Pass 111 time: 0.053 sec     clause_pos]
[Pass 112 time: 0.001 sec     CYCLE_2]
[Pass 113 time: 0.05 sec     qclause300]
[Pass 114 time: 0.052 sec     anaphora100]
[Pass 115 time: 0.051 sec     sentsem]
[Pass 116 time: 0.053 sec     clausesem]
[Pass 117 time: 0.059 sec     inclausesem]
[Pass 118 time: 0.048 sec     hilite_undone]
[Pass 119 time: 0.052 sec     hilite_pos]
[Pass 120 time: 0.054 sec     hilite_postag]
[Pass 121 time: 0.057 sec     hilite_np]
[Pass 122 time: 0.056 sec     hilite_ne]
[Pass 123 time: 0.051 sec     hilite_temporal]
[Pass 124 time: 0.053 sec     hilite_spatial]
[Pass 125 time: 0.053 sec     hilite_clause]
[Pass 126 time: 0.001 sec     pos_out]
[Pass 127 time: 0.06 sec     pos_out_noscore]
[Pass 128 time: 0.002 sec     poserr]
[Pass 129 time: 0.059 sec     rule_out]
[Pass 130 time: 0.001 sec     trav_dict]
[Pass 131 time: 0.001 sec     xmlrecursive]
[Pass 132 time: 0.077 sec     ne_out]
[Pass 133 time: 0.004 sec     ne_xml]
[Pass 134 time: 0.001 sec     fin]
[Pass 135 time: 0.028 sec     buff_out]
[Pass 136 time: 0.044 sec     displayKB]
[Input file: c:\Users\pepel\.vscode\extensions\dehilster.nlp-1.35.0\nlp-engine\analyzers\parse-en-us\input\business.txt]
[Total passes: 136
[Total time: 3.746 sec]
[Time per 1000 chars (3.746/1414): 2.64922 sec]
[Time per pass per 1000 chars: 0.0194796]
infile  passes tottime length tot/1000 tot/pass/1000
c:\Users\pepel\.vscode\extensions\dehilster.nlp-1.35.0\nlp-engine\analyzers\parse-en-us\input\business.txt	136	3.746	1414	2.64922	0.0194796
[Clean time: 0.002 sec]
