[Pass 1 time: 0.027 sec     tokenize]
[Pass 2 time: 0.001 sec     KBFuncs]
[Pass 3 time: 0.002 sec     KBInit]
[Pass 4 time: 0.001 sec     funcs]
[Pass 5 time: 0.001 sec     dicionario]
[Pass 6 time: 0.028 sec     pos]
[Pass 7 time: 0.231 sec     repeticao]
[Pass 8 time: 0.028 sec     frases]
[Pass 9 time: 0.034 sec     palavrao]
[Pass 10 time: 0.028 sec     emojis]
[Pass 11 time: 0.03 sec     RemoveWhiteSpace]
[Pass 12 time: 0.021 sec     frase_subst]
[Pass 13 time: 0.022 sec     frase_verbo]
[Pass 14 time: 0.003 sec     raiva]
[Pass 15 time: 0.022 sec     emocao]
[Pass 16 time: 0.002 sec     KBMostra]
[Pass 17 time: 0.001 sec     output]
[Input file: c:\Users\pepel\GitHub\EmotionsDetection\emotion\input\06.09\06.09_2130_21.txt_log\ana006.tree]
[Total passes: 17
[Total time: 0.485 sec]
[Time per 1000 chars (0.485/3575): 0.135664 sec]
[Time per pass per 1000 chars: 0.00798026]
infile  passes tottime length tot/1000 tot/pass/1000
c:\Users\pepel\GitHub\EmotionsDetection\emotion\input\06.09\06.09_2130_21.txt_log\ana006.tree	17	0.485	3575	0.135664	0.00798026
[Clean time: 0.002 sec]
