[Loading interpreted kb.]
[readKB:]
[readKB: path=c:\Users\pepel\.vscode\extensions\dehilster.nlp-1.35.0\nlp-engine\analyzers\parse-en-us\\kb\user]
[path_to_con: Concept not found.]
[name=*trillion*]
[namech=t]
[READ KB time=7.016 sec]
[popVal: Attribute not a string.]
[popVal: Attribute not a concept.]
[popVal: Attribute not a num.]
[popVal: Attribute not a concept.]
[popVal: Attribute not a num.]
[popVal: Attribute not a concept.]
[popVal: Attribute not a num.]
[popVal: Attribute not a concept.]
[popVal: Attribute not a string.]
[popVal: Attribute not a num.]
[popVal: Attribute not a num.]
[popVal: Attribute not a concept.]
[popVal: Attribute not a num.]
[popVal: Attribute not a concept.]
[popVal: Attribute not a num.]
[popVal: Attribute not a concept.]
[popVal: Attribute not a string.]
[popVal: Attribute not a num.]
[popVal: Attribute not a num.]
[popVal: Attribute not a concept.]
[popVal: Attribute not a num.]
[popVal: Attribute not a concept.]
[popVal: Attribute not a num.]
[popVal: Attribute not a concept.]
[popVal: Attribute not a string.]
[popVal: Attribute not a num.]
[popVal: Attribute not a num.]
[popVal: Attribute not a concept.]
[popVal: Attribute not a num.]
[popVal: Attribute not a concept.]
[popVal: Attribute not a string.]
[popVal: Attribute not a num.]
[popVal: Attribute not a num.]
[popVal: Attribute not a concept.]
[popVal: Attribute not a num.]
[popVal: Attribute not a concept.]
[popVal: Attribute not a string.]
[popVal: Attribute not a num.]
[popVal: Attribute not a num.]
[popVal: Attribute not a concept.]
[popVal: Attribute not a num.]
[popVal: Attribute not a concept.]
[popVal: Attribute not a num.]
[popVal: Attribute not a concept.]
[popVal: Attribute not a string.]
[popVal: Attribute not a num.]
[popVal: Attribute not a num.]
[popVal: Attribute not a concept.]
[popVal: Attribute not a num.]
[popVal: Attribute not a concept.]
[popVal: Attribute not a string.]
[popVal: Attribute not a num.]
[popVal: Attribute not a string.]
[popVal: Attribute not a num.]
[popVal: Attribute not a num.]
[popVal: Attribute not a concept.]
[popVal: Attribute not a num.]
[popVal: Attribute not a concept.]
[popVal: Attribute not a num.]
[popVal: Attribute not a concept.]
[popVal: Attribute not a string.]
[popVal: Attribute not a num.]
[popVal: Attribute not a num.]
[popVal: Attribute not a concept.]
[popVal: Attribute not a num.]
[popVal: Attribute not a concept.]
[popVal: Attribute not a string.]
[popVal: Attribute not a num.]
[popVal: Attribute not a num.]
[popVal: Attribute not a concept.]
[popVal: Attribute not a num.]
[popVal: Attribute not a concept.]
[popVal: Attribute not a num.]
[popVal: Attribute not a concept.]
[popVal: Attribute not a string.]
[popVal: Attribute not a num.]
[popVal: Attribute not a string.]
[popVal: Attribute not a concept.]
[popVal: Attribute not a num.]
[popVal: Attribute not a concept.]
[popVal: Attribute not a num.]
[popVal: Attribute not a concept.]
[popVal: Attribute not a string.]
[popVal: Attribute not a concept.]
[popVal: Attribute not a string.]
[popVal: Attribute not a concept.]
[popVal: Attribute not a num.]
[popVal: Attribute not a concept.]
[popVal: Attribute not a num.]
[popVal: Attribute not a concept.]
[popVal: Attribute not a string.]
[popVal: Attribute not a num.]
[popVal: Attribute not a num.]
[popVal: Attribute not a concept.]
[popVal: Attribute not a num.]
[popVal: Attribute not a concept.]
[popVal: Attribute not a string.]
[popVal: Attribute not a concept.]
[popVal: Attribute not a string.]
[popVal: Attribute not a num.]
[popVal: Attribute not a num.]
[popVal: Attribute not a concept.]
[popVal: Attribute not a num.]
[popVal: Attribute not a concept.]
[popVal: Attribute not a string.]
[popVal: Attribute not a concept.]
[popVal: Attribute not a string.]
[popVal: Attribute not a concept.]
[popVal: Attribute not a num.]
[popVal: Attribute not a concept.]
[popVal: Attribute not a string.]
[popVal: Attribute not a num.]
[popVal: Attribute not a num.]
[popVal: Attribute not a concept.]
[popVal: Attribute not a num.]
[popVal: Attribute not a concept.]
[popVal: Attribute not a string.]
[popVal: Attribute not a concept.]
[popVal: Attribute not a string.]
[popVal: Attribute not a concept.]
[popVal: Attribute not a num.]
[popVal: Attribute not a concept.]
[popVal: Attribute not a string.]
[popVal: Attribute not a num.]
[popVal: Attribute not a num.]
[popVal: Attribute not a concept.]
[popVal: Attribute not a string.]
[popVal: Attribute not a concept.]
[popVal: Attribute not a string.]
[popVal: Attribute not a num.]
[popVal: Attribute not a string.]
[popVal: Attribute not a num.]
[popVal: Attribute not a num.]
[popVal: Attribute not a concept.]
[popVal: Attribute not a string.]
[popVal: Attribute not a concept.]
[popVal: Attribute not a string.]
[popVal: Attribute not a num.]
[popVal: Attribute not a string.]
[popVal: Attribute not a num.]
[popVal: Attribute not a string.]
[popVal: Attribute not a num.]
[popVal: Attribute not a num.]
[popVal: Attribute not a concept.]
[popVal: Attribute not a string.]
[popVal: Attribute not a concept.]
[popVal: Attribute not a string.]
[popVal: Attribute not a num.]
[popVal: Attribute not a string.]
[popVal: Attribute not a num.]
[popVal: Attribute not a num.]
[popVal: Attribute not a concept.]
[popVal: Attribute not a num.]
[popVal: Attribute not a concept.]
[popVal: Attribute not a string.]
[popVal: Attribute not a concept.]
[popVal: Attribute not a string.]
[popVal: Attribute not a num.]
[popVal: Attribute not a num.]
[popVal: Attribute not a concept.]
[popVal: Attribute not a string.]
[popVal: Attribute not a concept.]
[popVal: Attribute not a string.]
[popVal: Attribute not a num.]
[popVal: Attribute not a num.]
[popVal: Attribute not a concept.]
[popVal: Attribute not a string.]
[popVal: Attribute not a concept.]
[popVal: Attribute not a string.]
[popVal: Attribute not a num.]
[popVal: Attribute not a num.]
[popVal: Attribute not a concept.]
[popVal: Attribute not a num.]
[popVal: Attribute not a concept.]
[popVal: Attribute not a string.]
[popVal: Attribute not a concept.]
[popVal: Attribute not a string.]
[popVal: Attribute not a num.]
[popVal: Attribute not a string.]
[popVal: Attribute not a concept.]
[popVal: Attribute not a num.]
[popVal: Attribute not a concept.]
[popVal: Attribute not a num.]
[popVal: Attribute not a concept.]
[popVal: Attribute not a string.]
[popVal: Attribute not a concept.]
[popVal: Attribute not a num.]
[popVal: Attribute not a concept.]
[popVal: Attribute not a string.]
[popVal: Attribute not a concept.]
[popVal: Attribute not a num.]
[popVal: Attribute not a concept.]
[popVal: Attribute not a string.]
[popVal: Attribute not a num.]
[popVal: Attribute not a num.]
[popVal: Attribute not a concept.]
[popVal: Attribute not a num.]
[popVal: Attribute not a concept.]
[popVal: Attribute not a string.]
[popVal: Attribute not a concept.]
[popVal: Attribute not a string.]
[popVal: Attribute not a num.]
[popVal: Attribute not a num.]
[popVal: Attribute not a concept.]
[popVal: Attribute not a num.]
[popVal: Attribute not a concept.]
[popVal: Attribute not a string.]
[popVal: Attribute not a concept.]
[popVal: Attribute not a num.]
[popVal: Attribute not a concept.]
[popVal: Attribute not a string.]
[popVal: Attribute not a concept.]
[popVal: Attribute not a string.]
[popVal: Attribute not a num.]
[popVal: Attribute not a num.]
[popVal: Attribute not a concept.]
[popVal: Attribute not a num.]
[popVal: Attribute not a concept.]
[popVal: Attribute not a string.]
[popVal: Attribute not a concept.]
[popVal: Attribute not a num.]
[popVal: Attribute not a concept.]
[popVal: Attribute not a string.]
[popVal: Attribute not a concept.]
[popVal: Attribute not a string.]
[popVal: Attribute not a num.]
[popVal: Attribute not a num.]
[popVal: Attribute not a concept.]
[popVal: Attribute not a string.]
[popVal: Attribute not a concept.]
[popVal: Attribute not a string.]
[popVal: Attribute not a num.]
[popVal: Attribute not a num.]
[popVal: Attribute not a concept.]
[popVal: Attribute not a string.]
[popVal: Attribute not a concept.]
[popVal: Attribute not a string.]
[popVal: Attribute not a num.]
[popVal: Attribute not a num.]
[popVal: Attribute not a concept.]
[popVal: Attribute not a string.]
[popVal: Attribute not a concept.]
[popVal: Attribute not a string.]
[popVal: Attribute not a num.]
[popVal: Attribute not a num.]
[popVal: Attribute not a concept.]
[popVal: Attribute not a string.]
[popVal: Attribute not a concept.]
[popVal: Attribute not a string.]
[popVal: Attribute not a num.]
[popVal: Attribute not a num.]
[popVal: Attribute not a concept.]
[popVal: Attribute not a num.]
[popVal: Attribute not a concept.]
[popVal: Attribute not a string.]
[popVal: Attribute not a concept.]
[popVal: Attribute not a string.]
[popVal: Attribute not a num.]
[popVal: Attribute not a num.]
[popVal: Attribute not a concept.]
[popVal: Attribute not a string.]
[popVal: Attribute not a concept.]
[popVal: Attribute not a string.]
[popVal: Attribute not a num.]
[popVal: Attribute not a num.]
[popVal: Attribute not a concept.]
[popVal: Attribute not a string.]
[popVal: Attribute not a concept.]
[popVal: Attribute not a string.]
[popVal: Attribute not a num.]
[popVal: Attribute not a num.]
[popVal: Attribute not a concept.]
[popVal: Attribute not a string.]
[popVal: Attribute not a concept.]
[popVal: Attribute not a string.]
[popVal: Attribute not a num.]
[popVal: Attribute not a num.]
[popVal: Attribute not a concept.]
[popVal: Attribute not a string.]
[popVal: Attribute not a concept.]
[popVal: Attribute not a string.]
[popVal: Attribute not a num.]
[popVal: Attribute not a num.]
[popVal: Attribute not a concept.]
[popVal: Attribute not a string.]
[popVal: Attribute not a concept.]
[popVal: Attribute not a string.]
[popVal: Attribute not a num.]
[popVal: Attribute not a num.]
[popVal: Attribute not a concept.]
[popVal: Attribute not a num.]
[popVal: Attribute not a concept.]
[popVal: Attribute not a string.]
[popVal: Attribute not a concept.]
[popVal: Attribute not a string.]
[popVal: Attribute not a num.]
[popVal: Attribute not a num.]
[popVal: Attribute not a concept.]
[popVal: Attribute not a num.]
[popVal: Attribute not a concept.]
[popVal: Attribute not a string.]
[popVal: Attribute not a concept.]
[popVal: Attribute not a num.]
[popVal: Attribute not a concept.]
[popVal: Attribute not a num.]
[popVal: Attribute not a concept.]
[popVal: Attribute not a string.]
[popVal: Attribute not a concept.]
[popVal: Attribute not a num.]
[popVal: Attribute not a concept.]
[popVal: Attribute not a string.]
[popVal: Attribute not a num.]
[popVal: Attribute not a num.]
[popVal: Attribute not a concept.]
[popVal: Attribute not a num.]
[popVal: Attribute not a concept.]
[popVal: Attribute not a num.]
[popVal: Attribute not a concept.]
[popVal: Attribute not a string.]
[popVal: Attribute not a num.]
[popVal: Attribute not a num.]
[popVal: Attribute not a concept.]
[popVal: Attribute not a num.]
[popVal: Attribute not a concept.]
[popVal: Attribute not a string.]
[popVal: Attribute not a concept.]
[popVal: Attribute not a num.]
[popVal: Attribute not a concept.]
[popVal: Attribute not a num.]
[popVal: Attribute not a concept.]
[popVal: Attribute not a string.]
[popVal: Attribute not a concept.]
[popVal: Attribute not a num.]
[popVal: Attribute not a concept.]
[popVal: Attribute not a string.]
[popVal: Attribute not a num.]
[popVal: Attribute not a num.]
[popVal: Attribute not a concept.]
[popVal: Attribute not a string.]
[popVal: Attribute not a concept.]
[popVal: Attribute not a num.]
[popVal: Attribute not a concept.]
[popVal: Attribute not a string.]
[popVal: Attribute not a concept.]
[popVal: Attribute not a num.]
[popVal: Attribute not a concept.]
[popVal: Attribute not a num.]
[popVal: Attribute not a concept.]
[popVal: Attribute not a string.]
[popVal: Attribute not a num.]
[popVal: Attribute not a num.]
[popVal: Attribute not a concept.]
[popVal: Attribute not a num.]
[popVal: Attribute not a concept.]
[popVal: Attribute not a string.]
[popVal: Attribute not a concept.]
[popVal: Attribute not a num.]
[popVal: Attribute not a concept.]
[popVal: Attribute not a string.]
[popVal: Attribute not a concept.]
[popVal: Attribute not a num.]
[popVal: Attribute not a concept.]
[popVal: Attribute not a num.]
[popVal: Attribute not a concept.]
[popVal: Attribute not a string.]
[popVal: Attribute not a num.]
[popVal: Attribute not a num.]
[popVal: Attribute not a concept.]
[popVal: Attribute not a string.]
[popVal: Attribute not a concept.]
[popVal: Attribute not a num.]
[popVal: Attribute not a concept.]
[popVal: Attribute not a string.]
[popVal: Attribute not a concept.]
[popVal: Attribute not a num.]
[popVal: Attribute not a concept.]
[popVal: Attribute not a num.]
[popVal: Attribute not a concept.]
[popVal: Attribute not a num.]
[popVal: Attribute not a concept.]
[popVal: Attribute not a string.]
[popVal: Attribute not a num.]
[popVal: Attribute not a num.]
[popVal: Attribute not a concept.]
[popVal: Attribute not a num.]
[popVal: Attribute not a concept.]
[popVal: Attribute not a string.]
[popVal: Attribute not a concept.]
[popVal: Attribute not a num.]
[popVal: Attribute not a concept.]
[popVal: Attribute not a string.]
[popVal: Attribute not a concept.]
[popVal: Attribute not a num.]
[popVal: Attribute not a concept.]
[popVal: Attribute not a num.]
[popVal: Attribute not a concept.]
[popVal: Attribute not a string.]
[popVal: Attribute not a concept.]
[popVal: Attribute not a num.]
[popVal: Attribute not a concept.]
[popVal: Attribute not a string.]
[popVal: Attribute not a concept.]
[popVal: Attribute not a num.]
[popVal: Attribute not a concept.]
[popVal: Attribute not a num.]
[popVal: Attribute not a concept.]
[popVal: Attribute not a string.]
[popVal: Attribute not a num.]
[popVal: Attribute not a num.]
[popVal: Attribute not a concept.]
[popVal: Attribute not a num.]
[popVal: Attribute not a concept.]
[popVal: Attribute not a num.]
[popVal: Attribute not a concept.]
[popVal: Attribute not a num.]
[popVal: Attribute not a concept.]
[popVal: Attribute not a string.]
[popVal: Attribute not a num.]
[popVal: Attribute not a num.]
[popVal: Attribute not a concept.]
[popVal: Attribute not a num.]
[popVal: Attribute not a concept.]
[popVal: Attribute not a string.]
[popVal: Attribute not a concept.]
[popVal: Attribute not a num.]
[popVal: Attribute not a concept.]
[popVal: Attribute not a string.]
[popVal: Attribute not a concept.]
[popVal: Attribute not a num.]
[popVal: Attribute not a concept.]
[popVal: Attribute not a num.]
[popVal: Attribute not a concept.]
[popVal: Attribute not a string.]
[popVal: Attribute not a num.]
[popVal: Attribute not a num.]
[popVal: Attribute not a concept.]
[popVal: Attribute not a string.]
[popVal: Attribute not a concept.]
[popVal: Attribute not a num.]
[popVal: Attribute not a concept.]
[popVal: Attribute not a string.]
[popVal: Attribute not a concept.]
[popVal: Attribute not a num.]
[popVal: Attribute not a concept.]
[popVal: Attribute not a num.]
[popVal: Attribute not a concept.]
[popVal: Attribute not a string.]
[popVal: Attribute not a concept.]
[popVal: Attribute not a num.]
[popVal: Attribute not a concept.]
[popVal: Attribute not a string.]
[popVal: Attribute not a concept.]
[popVal: Attribute not a num.]
[popVal: Attribute not a concept.]
[popVal: Attribute not a num.]
[popVal: Attribute not a concept.]
[popVal: Attribute not a string.]
[popVal: Attribute not a concept.]
[popVal: Attribute not a num.]
[popVal: Attribute not a concept.]
[popVal: Attribute not a string.]
[popVal: Attribute not a concept.]
[popVal: Attribute not a num.]
[popVal: Attribute not a concept.]
[popVal: Attribute not a num.]
[popVal: Attribute not a concept.]
[popVal: Attribute not a string.]
[popVal: Attribute not a concept.]
[popVal: Attribute not a num.]
[popVal: Attribute not a concept.]
[popVal: Attribute not a string.]
[popVal: Attribute not a concept.]
[popVal: Attribute not a num.]
[popVal: Attribute not a concept.]
[popVal: Attribute not a num.]
[popVal: Attribute not a concept.]
[popVal: Attribute not a string.]
[popVal: Attribute not a num.]
[popVal: Attribute not a num.]
[popVal: Attribute not a concept.]
[popVal: Attribute not a string.]
[popVal: Attribute not a concept.]
[popVal: Attribute not a num.]
[popVal: Attribute not a concept.]
[popVal: Attribute not a num.]
[popVal: Attribute not a concept.]
[popVal: Attribute not a num.]
[popVal: Attribute not a concept.]
[popVal: Attribute not a string.]
[popVal: Attribute not a num.]
[popVal: Attribute not a num.]
[popVal: Attribute not a concept.]
[popVal: Attribute not a num.]
[popVal: Attribute not a concept.]
[popVal: Attribute not a string.]
[popVal: Attribute not a concept.]
