[command arg: -ANA]
[command arg: c:\Hugo\GitHub\EmotionsDetection\HelloWorld\]
[command arg: -WORK]
[command arg: c:\Users\watahu01\.vscode\extensions\dehilster.nlp-2.16.1\nlp-engine]
[command arg: c:\Hugo\GitHub\EmotionsDetection\HelloWorld\input\text.txt]
[command arg: -DEV]
[logfile: c:\Users\watahu01\.vscode\extensions\dehilster.nlp-2.16.1\nlp-engine\vtrun_logfile.out]
[rfbdir: c:\Users\watahu01\.vscode\extensions\dehilster.nlp-2.16.1\nlp-engine\data\rfb\spec]
[analyzer directory: c:\Hugo\GitHub\EmotionsDetection\HelloWorld\]
[analyzer name: ]
[rfb file: c:\Users\watahu01\.vscode\extensions\dehilster.nlp-2.16.1\nlp-engine\data\rfb\spec]
[Creating output directory: .\tmp]
[log file: .\tmp\visualtext.log]
[spec directory: c:\Hugo\GitHub\EmotionsDetection\HelloWorld\\spec]
[spec file: c:\Hugo\GitHub\EmotionsDetection\HelloWorld\\spec\analyzer.seq]
[Creating output directory: c:\Hugo\GitHub\EmotionsDetection\HelloWorld\\output]
[output directory: c:\Hugo\GitHub\EmotionsDetection\HelloWorld\\output]
[infile path: c:\Hugo\GitHub\EmotionsDetection\HelloWorld\input\text.txt]
[outfile path: c:\Hugo\GitHub\EmotionsDetection\HelloWorld\\outfile.txt]
[Creating output directory: c:\Hugo\GitHub\EmotionsDetection\HelloWorld\input\text.txt_log]
[outdir path: c:\Hugo\GitHub\EmotionsDetection\HelloWorld\input\text.txt_log]
[AFTER VTRUN DELETE: ]
