[Pass 1 time: 0.018 sec     tokenize]
[Pass 2 time: 0.004 sec     KBFuncs]
[Pass 3 time: 0.003 sec     KBInit]
[Pass 4 time: 0.004 sec     funcs]
[Pass 5 time: 0.004 sec     dicionario]
[Pass 6 time: 0.021 sec     pos]
[Pass 7 time: 0.139 sec     repeticao]
[Pass 8 time: 0.018 sec     frases]
[Pass 9 time: 0.022 sec     palavrao]
[Pass 10 time: 0.02 sec     emojis]
[Pass 11 time: 0.019 sec     RemoveWhiteSpace]
[Pass 12 time: 0.015 sec     frase_subst]
[Pass 13 time: 0.015 sec     frase_verbo]
[Pass 14 time: 0.003 sec     raiva]
[Pass 15 time: 0.014 sec     emocao]
[Pass 16 time: 0.005 sec     KBMostra]
[Pass 17 time: 0.003 sec     output]
[Input file: c:\Users\pepel\GitHub\EmotionsDetection\emotion\input\06.09\06.09_2130_67.txt_log\ana006.tree]
[Total passes: 17
[Total time: 0.327 sec]
[Time per 1000 chars (0.327/1477): 0.221395 sec]
[Time per pass per 1000 chars: 0.0130232]
infile  passes tottime length tot/1000 tot/pass/1000
c:\Users\pepel\GitHub\EmotionsDetection\emotion\input\06.09\06.09_2130_67.txt_log\ana006.tree	17	0.327	1477	0.221395	0.0130232
[Clean time: 0.001 sec]
