[Pass 1 time: 0.031 sec     tokenize]
[Pass 2 time: 0.002 sec     KBFuncs]
[Pass 3 time: 0.004 sec     KBInit]
[Pass 4 time: 0.003 sec     funcs]
[Pass 5 time: 0.003 sec     dicionario]
[Pass 6 time: 0.034 sec     pos]
[Pass 7 time: 0.201 sec     repeticao]
[Pass 8 time: 0.032 sec     frases]
[Pass 9 time: 0.043 sec     palavrao]
[Pass 10 time: 0.033 sec     emojis]
[Pass 11 time: 0.033 sec     RemoveWhiteSpace]
[Pass 12 time: 0.026 sec     frase_subst]
[Pass 13 time: 0.027 sec     frase_verbo]
[Pass 14 time: 0.003 sec     raiva]
[Pass 15 time: 0.026 sec     emocao]
[Pass 16 time: 0.005 sec     KBMostra]
[Pass 17 time: 0.003 sec     output]
[Input file: c:\Users\pepel\GitHub\EmotionsDetection\emotion\input\06.09\06.09_2130_47.txt_log\ana006.tree]
[Total passes: 17
[Total time: 0.511 sec]
[Time per 1000 chars (0.511/3410): 0.149853 sec]
[Time per pass per 1000 chars: 0.0088149]
infile  passes tottime length tot/1000 tot/pass/1000
c:\Users\pepel\GitHub\EmotionsDetection\emotion\input\06.09\06.09_2130_47.txt_log\ana006.tree	17	0.511	3410	0.149853	0.0088149
[Clean time: 0.002 sec]
