[Pass 1 time: 0.013 sec     tokenize]
[Pass 2 time: 0.003 sec     KBFuncs]
[Pass 3 time: 0.005 sec     KBInit]
[Pass 4 time: 0.003 sec     funcs]
[Pass 5 time: 0.004 sec     dicionario]
[Pass 6 time: 0.013 sec     pos]
[Pass 7 time: 0.095 sec     repeticao]
[Pass 8 time: 0.014 sec     frases]
[Pass 9 time: 0.019 sec     palavrao]
[Pass 10 time: 0.013 sec     emojis]
[Pass 11 time: 0.013 sec     RemoveWhiteSpace]
[Pass 12 time: 0.011 sec     frase_subst]
[Pass 13 time: 0.012 sec     frase_verbo]
[Pass 14 time: 0.003 sec     raiva]
[Pass 15 time: 0.011 sec     emocao]
[Pass 16 time: 0.005 sec     KBMostra]
[Pass 17 time: 0.003 sec     output]
[Input file: c:\Users\pepel\GitHub\EmotionsDetection\emotion\input\06.09\06.09_2130_53.txt_log\ana006.tree]
[Total passes: 17
[Total time: 0.241 sec]
[Time per 1000 chars (0.241/1006): 0.239563 sec]
[Time per pass per 1000 chars: 0.0140919]
infile  passes tottime length tot/1000 tot/pass/1000
c:\Users\pepel\GitHub\EmotionsDetection\emotion\input\06.09\06.09_2130_53.txt_log\ana006.tree	17	0.241	1006	0.239563	0.0140919
[Clean time: 0.002 sec]
