[Pass 1 time: 0.012 sec     tokenize]
[Pass 2 time: 0.004 sec     KBFuncs]
[Pass 3 time: 0.004 sec     KBInit]
[Pass 4 time: 0.003 sec     funcs]
[Pass 5 time: 0.003 sec     dicionario]
[Pass 6 time: 0.012 sec     pos]
[Pass 7 time: 0.079 sec     repeticao]
[Pass 8 time: 0.016 sec     frases]
[Pass 9 time: 0.016 sec     palavrao]
[Pass 10 time: 0.012 sec     emojis]
[Pass 11 time: 0.013 sec     RemoveWhiteSpace]
[Pass 12 time: 0.01 sec     frase_subst]
[Pass 13 time: 0.012 sec     frase_verbo]
[Pass 14 time: 0.003 sec     raiva]
[Pass 15 time: 0.012 sec     emocao]
[Pass 16 time: 0.005 sec     KBMostra]
[Pass 17 time: 0.004 sec     output]
[Input file: c:\Users\pepel\GitHub\EmotionsDetection\emotion\input\06.09\06.09_2130_53.txt_log\ana001.tree]
[Total passes: 17
[Total time: 0.22 sec]
[Time per 1000 chars (0.22/893): 0.246361 sec]
[Time per pass per 1000 chars: 0.0144918]
infile  passes tottime length tot/1000 tot/pass/1000
c:\Users\pepel\GitHub\EmotionsDetection\emotion\input\06.09\06.09_2130_53.txt_log\ana001.tree	17	0.22	893	0.246361	0.0144918
[Clean time: 0.002 sec]
